<?xml version="1.0" encoding="UTF-8"?>
<!-- Generated by org.testng.reporters.JUnitReportReporter -->
<testsuite skipped="0" hostname="JATIN-PC" name="pos.posTest" tests="3" failures="0" timestamp="30 Jul 2020 12:41:15 GMT" time="76.138" errors="0">
  <testcase name="Verify_Category_Count" time="0.124" classname="pos.posTest"/>
  <testcase name="First_Payment" time="40.084" classname="pos.posTest"/>
  <testcase name="POS_Product_Category_count" time="35.930" classname="pos.posTest"/>
</testsuite> <!-- pos.posTest -->
