<?xml version="1.0" encoding="UTF-8"?>
<!-- Generated by org.testng.reporters.JUnitReportReporter -->
<testsuite skipped="0" hostname="JATIN-PC" name="LoginPage.HomepageTest" tests="1" failures="0" timestamp="30 Jul 2020 12:41:15 GMT" time="7.048" errors="0">
  <testcase name="Homepage_MENU_Product" time="7.048" classname="LoginPage.HomepageTest"/>
</testsuite> <!-- LoginPage.HomepageTest -->
