<?xml version="1.0" encoding="UTF-8"?>
<!-- Generated by org.testng.reporters.JUnitReportReporter -->
<testsuite skipped="0" hostname="JATIN-PC" name="productPage.productListTest" tests="1" failures="0" timestamp="30 Jul 2020 12:41:15 GMT" time="30.999" errors="0">
  <testcase name="Search_Product" time="30.999" classname="productPage.productListTest"/>
</testsuite> <!-- productPage.productListTest -->
