<?xml version="1.0" encoding="UTF-8"?>
<!-- Generated by org.testng.reporters.JUnitReportReporter -->
<testsuite skipped="0" hostname="JATIN-PC" name="stepDefinations.stepDefination" tests="2" failures="0" timestamp="08 Aug 2020 12:48:52 GMT" time="41.739" errors="0">
  <testcase name="initialize_the_browser_with_chrome" time="40.010" classname="stepDefinations.stepDefination"/>
  <testcase name="click_on_Login_link_in_home_page_to_land_on_Secure_sign_in_Page" time="1.729" classname="stepDefinations.stepDefination"/>
</testsuite> <!-- stepDefinations.stepDefination -->
